
ROM used: 740 (9%)
          740 (9%) including unused fragments

          0 Average locations per line
          2 Average locations per statement

RAM used: 19 (5%) at main() level
          31 (8%) worst case

Stack used: 4 worst case (out of 8 total available)

Lines Stmts  %   Files
----- ----- ---  -----
   33    20   6  LCD.c
  411     0   0  C:\Program Files (x86)\PICC\devices\16F887.h
  212     0   0  C:\Program Files (x86)\PICC\drivers\luutinh.h
  249    88  25  C:\Program Files (x86)\PICC\drivers\LCD.h
 2104   238  69  C:\Program Files (x86)\PICC\drivers\math.h
----- -----
 3009   346 Total

Page ROM  %  RAM   Vol Diff  Functions:
---- --- --- ---   --- ----  ----------
0     33   4   4             @SFTOI
0     31   4   2             @ITOF
0    119  16  13             @MULFF
0     21   3   1             @delay_ms2
0      8   1   0             @const373
0     49   7   2   594  4.3  lcd_init
 Inline        3   620  3.8  lcd_read_byte
0     37   5   2   204  3.2  lcd_read_nibble
0     62   8   3   313  3.4  lcd_send_byte
0     25   3   1   336  1.9  lcd_send_nibble
0     35   5   4   335  5.5  lcd_gotoxy
0     37   5   1   272  4.1  lcd_putc
0    225  30   3   693  6.5  MAIN
0     17   2   0             @const385
0     37   5   5             @DIV1616

Program metrics:
    Functions               8
    Statements              346
    Comments                505
    Volume (V)              5147
    Difficilty (D)          32.0
    Effort to implement (E) 164629
    Time to implement (T)   2 hours, 32 minutes
    Est Delivered Bugs (B)  1
    Cyclomatic Complexity   11
    Maintainability (MI)    63

 Segment     Used  Free
-----------  ----  ----
00000-00003     4  0  
00004-007FF   736  1308  
00800-00FFF     0  2048  
01000-017FF     0  2048  
01800-01FFF     0  2048  



